<?xml version="1.0" encoding="UTF-8"?>
<testsuite xmlns:xsi="http://www.w3.org/2001/XMLSchema-instance" xsi:noNamespaceSchemaLocation="https://maven.apache.org/surefire/maven-surefire-plugin/xsd/surefire-test-report-3.0.xsd" version="3.0" name="com.google.BigIntUUIDTest" time="0.016" tests="8" errors="0" skipped="0" failures="0">
  <properties>
[...]
</properties>
  <testcase name="lowNumberTest" classname="com.google.BigIntUUIDTest" time="0.011"/>
  <testcase name="uuidToBigIntTest" classname="com.google.BigIntUUIDTest" time="0.015">
    <system-out><![CDATA[Orig: 43ca4481-bf50-4640-9168-3d1b7291c721. Bigint: 90108509166508094017375803051701552929. Converted: 43ca4481-bf50-4640-9168-3d1b7291c721
]]></system-out>
  </testcase>
  <testcase name="zeroTest" classname="com.google.BigIntUUIDTest" time="0.01"/>
  <testcase name="maxUUIDTest" classname="com.google.BigIntUUIDTest" time="0.01">
    <system-out><![CDATA[Big int max: 340282366920938463463374607431768211455. UUID max: ffffffff-ffff-ffff-ffff-ffffffffffff
]]></system-out>
  </testcase>
  <testcase name="longMaxPlusTest" classname="com.google.BigIntUUIDTest" time="0.01"/>
  <testcase name="oneTest" classname="com.google.BigIntUUIDTest" time="0.01"/>
  <testcase name="inRangeTestTest" classname="com.google.BigIntUUIDTest" time="0.011"/>
  <testcase name="longMaxTest" classname="com.google.BigIntUUIDTest" time="0.01"/>
</testsuite>